Enter a URL (include `http://`): https://github.githubassets.com
https://avatars0.githubusercontent.com
https://avatars1.githubusercontent.com
https://avatars2.githubusercontent.com
https://avatars3.githubusercontent.com
https://github-cloud.s3.amazonaws.com
https://user-images.githubusercontent.com/
https://github.githubassets.com/assets/frameworks-60c9b31633c996f9bf421aae83b644dd.css
https://github.githubassets.com/assets/site-dfba4b408f2494358f8d655558507d21.css
https://github.githubassets.com/assets/github-9c4d38797163cb606c8d76f479b3fc55.css
https://github.com/fluidicon.png
https://avatars0.githubusercontent.com/u/3820941?s=400&amp;v=4
https://avatars0.githubusercontent.com/u/3820941?s=400&amp;v=4
https://github.com/lzjun567/python_scripts
https://github.githubassets.com/
https://collector.githubapp.com/github-external/browser_event
https://github.com/lzjun567/python_scripts/commits/master.atom
https://github.com/lzjun567/python_scripts
https://api.github.com/_private/browser/stats
https://api.github.com/_private/browser/errors
https://github.githubassets.com/pinned-octocat.svg
https://github.githubassets.com/favicons/favicon.png
https://github.githubassets.com/favicons/favicon.svg
https://github.com/
https://lab.github.com/
https://opensource.guide
https://github.com/events
https://github.community
https://education.github.com
https://enterprise.github.com/contact
https://education.github.com
https://github.githubassets.com/images/search-key-slash.svg
https://github.com/notifications/beta/shelf
http://schema.org/SoftwareSourceCode
https://help.github.com/articles/which-remote-url-should-i-use
https://github.com/lzjun567/python_scripts.git
https://github.com/lzjun567/python_scripts.git
https://desktop.github.com
https://desktop.github.com/
https://desktop.github.com/
https://developer.apple.com/xcode/
https://visualstudio.github.com/
https://avatars2.githubusercontent.com/u/1335891?s=60&amp;v=4
https://avatars2.githubusercontent.com/u/3820941?s=64&amp;v=4
https://avatars2.githubusercontent.com/u/1335891?s=64&amp;v=4
https://avatars3.githubusercontent.com/u/4593285?s=64&amp;v=4
https://avatars0.githubusercontent.com/u/12815229?s=64&amp;v=4
https://github.com/site/terms
https://github.com/site/privacy
https://github.com/security
https://githubstatus.com/
https://help.github.com
https://github.com
https://github.com/contact
https://github.com/pricing
https://developer.github.com
https://training.github.com
https://github.blog
https://github.com/about
https://github.githubassets.com/assets/compat-bootstrap-6e7ff7ac.js
https://github.githubassets.com/assets/environment-bootstrap-eba89249.js
https://github.githubassets.com/assets/vendor-0ce77ba8.js
https://github.githubassets.com/assets/frameworks-728fb339.js
https://github.githubassets.com/assets/github-bootstrap-fa5ca6bc.js
https://github.githubassets.com/assets/Sortable-47de8c33.js
https://github.githubassets.com/assets/drag-drop-e0671258.js
https://github.githubassets.com/assets/gist-vendor-da4f1d0c.js
https://github.githubassets.com/assets/randomColor-05cedf2b.js
